This is pdfeTeX, Version 3.141592-1.21a-2.2 (MiKTeX 2.4) (preloaded format=latex 2005.10.19)  10 JAN 2006 16:57
entering extended mode
**C:/HTA/oo-kurs/NewScript/Test/OOP_Skript/ScriptOOPLatexV0_1.tex
(C:/HTA/oo-kurs/NewScript/Test/OOP_Skript/ScriptOOPLatexV0_1.tex
LaTeX2e <2003/12/01>
Babel <v3.8g> and hyphenation patterns for english, dumylang, nohyphenation, ge
rman, ngerman, french, loaded.
(C:\texmf\tex\latex\koma-script\scrreprt.cls
Document Class: scrreprt 2004/01/07 v2.9p LaTeX2e KOMA document class
(C:\texmf\tex\latex\koma-script\scrlfile.sty
Package: scrlfile 2004/01/07 v2.9p LaTeX2e KOMA package

Package scrlfile, 2004/01/07 v2.9p LaTeX2e KOMA package
                  Copyright (C) Markus Kohm

) (C:\texmf\tex\latex\base\size10.clo
File: size10.clo 2004/02/16 v1.4f Standard LaTeX file (size option)
)
(C:\texmf\tex\latex\koma-script\typearea.sty
Package: typearea 2004/01/07 v2.9p LaTeX2e KOMA package

Package typearea, 2004/01/07 v2.9p LaTeX2e KOMA package
                  Copyright (C) Frank Neukam, 1992-1994
                  Copyright (C) Markus Kohm, 1994-2002

\ta@bcor=\skip41
\ta@div=\count79
\ta@hblk=\skip42
\ta@vblk=\skip43
\ta@temp=\skip44

Package typearea Warning: Bad DIV-value!
(typearea)                You should decrease DIV, increase fontsize or
(typearea)                change papersize.

Package typearea Info: These are the values describing the layout:
(typearea)             DIV  = 13
(typearea)             BCOR = 34.1433pt
(typearea)             \paperwidth      = 597.50793pt
(typearea)              \textwidth      = 433.35742pt
(typearea)              DIV-departure   = -21/100
(typearea)              \evensidemargin = 26.8769pt
(typearea)              \oddsidemargin  = 26.8769pt
(typearea)             \paperheight     = 845.04694pt
(typearea)              \textheight     = 658.0pt
(typearea)              \topmargin      = -40.26639pt
(typearea)              \headheight     = 15.0pt
(typearea)              \headsep        = 18.0pt
(typearea)              \topskip        = 10.0pt
(typearea)              \footskip       = 42.0pt
(typearea)              \baselineskip   = 12.0pt
(typearea)              on input line 625.
)
\c@part=\count80
\c@chapter=\count81
\c@section=\count82
\c@subsection=\count83
\c@subsubsection=\count84
\c@paragraph=\count85
\c@subparagraph=\count86
\c@figure=\count87
\c@table=\count88
\abovecaptionskip=\skip45
\belowcaptionskip=\skip46
\c@pti@nb@sid@b@x=\box26
\bibindent=\dimen102
) (C:\texmf\tex\latex\german\german.sty v2.5e 1998-07-08
Package: german 1998/07/08 v2.5e Support for writing german texts (br)
\grmnU@D=\dimen103
german -- \language number for Austrian undefined, default 3 used.
)
(C:\texmf\tex\latex\graphics\color.sty
Package: color 1999/02/16 v1.0i Standard LaTeX Color (DPC)
 (C:\texmf\tex\latex\00miktex\color.cfg
File: color.cfg 2003/03/08 v1.0 MiKTeX 'color' configuration
)
Package color Info: Driver file: pdftex.def on input line 125.

(C:\texmf\tex\latex\graphics\pdftex.def
File: pdftex.def 2005/06/20 v0.03m graphics/color for pdftex
\Gread@gobject=\count89
))
(C:\texmf\tex\latex\listings\listings.sty
(C:\texmf\tex\latex\graphics\keyval.sty
Package: keyval 1999/03/16 v1.13 key=value parser (DPC)
\KV@toks@=\toks14
)
\lst@mode=\count90
\lst@gtempboxa=\box27
\lst@token=\toks15
\lst@length=\count91
\lst@currlwidth=\dimen104
\lst@column=\count92
\lst@pos=\count93
\lst@lostspace=\dimen105
\lst@width=\dimen106
\lst@newlines=\count94
\lst@lineno=\count95
\c@lstlisting=\count96
\lst@maxwidth=\dimen107

(C:\texmf\tex\latex\listings\lstpatch.sty
File: lstpatch.sty 2004/09/07 1.3a (Carsten Heinz)
)
(C:\texmf\tex\latex\listings\lstmisc.sty
File: lstmisc.sty 2004/09/07 1.3 (Carsten Heinz)
\c@lstnumber=\count97
\lst@skipnumbers=\count98
\lst@framebox=\box28
)
(C:\texmf\tex\latex\listings\listings.cfg
File: listings.cfg 2004/09/05 1.3 listings configuration
))
Package: listings 2004/09/07 1.3a (Carsten Heinz)

(C:\texmf\tex\latex\ltxmisc\framed.sty
Package: framed 2003/07/21 v 0.8a: framed or shaded text with page breaks
\FrameRule=\dimen108
\FrameSep=\dimen109
) (C:\texmf\tex\latex\tools\hhline.sty
Package: hhline 1994/05/23 v2.03 Table rule package (DPC)
)
(C:\texmf\tex\latex\tools\multicol.sty
Package: multicol 2004/02/14 v1.6e multicolumn formatting (FMi)
\c@tracingmulticols=\count99
\mult@box=\box29
\multicol@leftmargin=\dimen110
\c@unbalance=\count100
\c@collectmore=\count101
\doublecol@number=\count102
\multicoltolerance=\count103
\multicolpretolerance=\count104
\full@width=\dimen111
\page@free=\dimen112
\premulticols=\dimen113
\postmulticols=\dimen114
\multicolsep=\skip47
\multicolbaselineskip=\skip48
\partial@page=\box30
\last@line=\box31
\mult@rightbox=\box32
\mult@grightbox=\box33
\mult@gfirstbox=\box34
\mult@firstbox=\box35
\@tempa=\box36
\@tempa=\box37
\@tempa=\box38
\@tempa=\box39
\@tempa=\box40
\@tempa=\box41
\@tempa=\box42
\@tempa=\box43
\@tempa=\box44
\@tempa=\box45
\@tempa=\box46
\@tempa=\box47
\@tempa=\box48
\@tempa=\box49
\@tempa=\box50
\@tempa=\box51
\@tempa=\box52
\c@columnbadness=\count105
\c@finalcolumnbadness=\count106
\last@try=\dimen115
\multicolovershoot=\dimen116
\multicolundershoot=\dimen117
\mult@nat@firstbox=\box53
\colbreak@box=\box54
)
(C:\texmf\tex\latex\carlisle\colortbl.sty
Package: colortbl 2001/02/13 v0.1j Color table columns (DPC)
 (C:\texmf\tex\latex\tools\array.sty
Package: array 2003/12/17 v2.4a Tabular extension package (FMi)
\col@sep=\dimen118
\extrarowheight=\dimen119
\NC@list=\toks16
\extratabsurround=\skip49
\backup@length=\skip50
)
\everycr=\toks17
\minrowclearance=\skip51
) (C:\texmf\tex\latex\float\float.sty
Package: float 2001/11/08 v1.3d Float enhancements (AL)
\c@float@type=\count107
\float@exts=\toks18
\float@box=\box55
\@float@everytoks=\toks19
\@floatcapt=\box56
) (C:\texmf\tex\latex\tools\longtable.sty
Package: longtable 2004/02/01 v4.11 Multi-page Table package (DPC)
\LTleft=\skip52
\LTright=\skip53
\LTpre=\skip54
\LTpost=\skip55
\LTchunksize=\count108
\LTcapwidth=\dimen120
\LT@head=\box57
\LT@firsthead=\box58
\LT@foot=\box59
\LT@lastfoot=\box60
\LT@cols=\count109
\LT@rows=\count110
\c@LT@tables=\count111
\c@LT@chunks=\count112
\LT@p@ftn=\toks20
)
Class scrreprt Info: longtable captions redefined on input line 65.

(C:\texmf\tex\latex\graphics\graphicx.sty
Package: graphicx 1999/02/16 v1.0f Enhanced LaTeX Graphics (DPC,SPQR)

(C:\texmf\tex\latex\graphics\graphics.sty
Package: graphics 2001/07/07 v1.0n Standard LaTeX Graphics (DPC,SPQR)
 (C:\texmf\tex\latex\graphics\trig.sty
Package: trig 1999/03/16 v1.09 sin cos tan (DPC)
) (C:\texmf\tex\latex\00miktex\graphics.cfg
File: graphics.cfg 2003/03/12 v1.1 MiKTeX 'graphics' configuration
)
Package graphics Info: Driver file: pdftex.def on input line 80.
)
\Gin@req@height=\dimen121
\Gin@req@width=\dimen122
)
(C:\texmf\tex\latex\base\inputenc.sty
Package: inputenc 2004/02/05 v1.0d Input encoding file
 (C:\texmf\tex\latex\base\latin1.def
File: latin1.def 2004/02/05 v1.0d Input encoding file
))
(C:\texmf\tex\latex\base\fontenc.sty
Package: fontenc 2004/02/22 v1.99f Standard LaTeX package
 (C:\texmf\tex\latex\base\t1enc.def
File: t1enc.def 2004/02/22 v1.99f Standard LaTeX file
LaTeX Font Info:    Redeclaring font encoding T1 on input line 43.
))
(C:\texmf\tex\latex\base\textcomp.sty
Package: textcomp 2004/02/22 v1.99f Standard LaTeX package
Package textcomp Info: Sub-encoding information:
(textcomp)               5 = only ISO-Adobe without \textcurrency
(textcomp)               4 = 5 + \texteuro
(textcomp)               3 = 4 + \textohm
(textcomp)               2 = 3 + \textestimated + \textcurrency
(textcomp)               1 = TS1 - \textcircled - \t
(textcomp)               0 = TS1 (full)
(textcomp)             Font families with sub-encoding setting implement
(textcomp)             only a restricted character set as indicated.
(textcomp)             Family '?' is the default used for unknown fonts.
(textcomp)             See the documentation for details.
Package textcomp Info: Setting ? sub-encoding to TS1/1 on input line 71.
 (C:\texmf\tex\latex\base\ts1enc.def
File: ts1enc.def 2001/06/05 v3.0e (jk/car/fm) Standard LaTeX file
)
LaTeX Info: Redefining \oldstylenums on input line 266.
Package textcomp Info: Setting cmr sub-encoding to TS1/0 on input line 281.
Package textcomp Info: Setting cmss sub-encoding to TS1/0 on input line 282.
Package textcomp Info: Setting cmtt sub-encoding to TS1/0 on input line 283.
Package textcomp Info: Setting cmvtt sub-encoding to TS1/0 on input line 284.
Package textcomp Info: Setting cmbr sub-encoding to TS1/0 on input line 285.
Package textcomp Info: Setting cmtl sub-encoding to TS1/0 on input line 286.
Package textcomp Info: Setting ccr sub-encoding to TS1/0 on input line 287.
Package textcomp Info: Setting ptm sub-encoding to TS1/4 on input line 288.
Package textcomp Info: Setting pcr sub-encoding to TS1/4 on input line 289.
Package textcomp Info: Setting phv sub-encoding to TS1/4 on input line 290.
Package textcomp Info: Setting ppl sub-encoding to TS1/3 on input line 291.
Package textcomp Info: Setting pag sub-encoding to TS1/4 on input line 292.
Package textcomp Info: Setting pbk sub-encoding to TS1/4 on input line 293.
Package textcomp Info: Setting pnc sub-encoding to TS1/4 on input line 294.
Package textcomp Info: Setting pzc sub-encoding to TS1/4 on input line 295.
Package textcomp Info: Setting bch sub-encoding to TS1/4 on input line 296.
Package textcomp Info: Setting put sub-encoding to TS1/5 on input line 297.
Package textcomp Info: Setting uag sub-encoding to TS1/5 on input line 298.
Package textcomp Info: Setting ugq sub-encoding to TS1/5 on input line 299.
Package textcomp Info: Setting ul8 sub-encoding to TS1/4 on input line 300.
Package textcomp Info: Setting ul9 sub-encoding to TS1/4 on input line 301.
Package textcomp Info: Setting augie sub-encoding to TS1/5 on input line 302.
Package textcomp Info: Setting dayrom sub-encoding to TS1/3 on input line 303.
Package textcomp Info: Setting dayroms sub-encoding to TS1/3 on input line 304.

Package textcomp Info: Setting pxr sub-encoding to TS1/0 on input line 305.
Package textcomp Info: Setting pxss sub-encoding to TS1/0 on input line 306.
Package textcomp Info: Setting pxtt sub-encoding to TS1/0 on input line 307.
Package textcomp Info: Setting txr sub-encoding to TS1/0 on input line 308.
Package textcomp Info: Setting txss sub-encoding to TS1/0 on input line 309.
Package textcomp Info: Setting txtt sub-encoding to TS1/0 on input line 310.
Package textcomp Info: Setting futs sub-encoding to TS1/4 on input line 311.
Package textcomp Info: Setting futx sub-encoding to TS1/4 on input line 312.
Package textcomp Info: Setting futj sub-encoding to TS1/4 on input line 313.
Package textcomp Info: Setting hlh sub-encoding to TS1/3 on input line 314.
Package textcomp Info: Setting hls sub-encoding to TS1/3 on input line 315.
Package textcomp Info: Setting hlst sub-encoding to TS1/3 on input line 316.
Package textcomp Info: Setting hlct sub-encoding to TS1/5 on input line 317.
Package textcomp Info: Setting hlx sub-encoding to TS1/5 on input line 318.
Package textcomp Info: Setting hlce sub-encoding to TS1/5 on input line 319.
Package textcomp Info: Setting hlcn sub-encoding to TS1/5 on input line 320.
Package textcomp Info: Setting hlcw sub-encoding to TS1/5 on input line 321.
Package textcomp Info: Setting hlcf sub-encoding to TS1/5 on input line 322.
Package textcomp Info: Setting pplx sub-encoding to TS1/3 on input line 323.
Package textcomp Info: Setting pplj sub-encoding to TS1/3 on input line 324.
Package textcomp Info: Setting ptmx sub-encoding to TS1/4 on input line 325.
Package textcomp Info: Setting ptmj sub-encoding to TS1/4 on input line 326.
)
(C:\texmf\tex\latex\base\makeidx.sty
Package: makeidx 2000/03/29 v1.0m Standard LaTeX package
) (C:\texmf\tex\latex\fancyhdr\fancyhdr.sty
\fancy@headwidth=\skip56
\f@ncyO@elh=\skip57
\f@ncyO@erh=\skip58
\f@ncyO@olh=\skip59
\f@ncyO@orh=\skip60
\f@ncyO@elf=\skip61
\f@ncyO@erf=\skip62
\f@ncyO@olf=\skip63
\f@ncyO@orf=\skip64
) (C:\texmf\tex\latex\listings\lstlang1.sty
File: lstlang1.sty 2004/09/05 1.3 listings language file
)
\@indexfile=\write3

Writing index file ScriptOOPLatexV0_1.idx
(C:\texmf\tex\latex\listings\lstlang1.sty
File: lstlang1.sty 2004/09/05 1.3 listings language file
)
(C:\texmf\tex\latex\listings\lstmisc.sty
File: lstmisc.sty 2004/09/07 1.3 (Carsten Heinz)
)
\@float@every@figure=\toks21
 (ScriptOOPLatexV0_1.aux)
LaTeX Font Info:    Checking defaults for OML/cmm/m/it on input line 208.
LaTeX Font Info:    ... okay on input line 208.
LaTeX Font Info:    Checking defaults for T1/cmr/m/n on input line 208.
LaTeX Font Info:    ... okay on input line 208.
LaTeX Font Info:    Checking defaults for OT1/cmr/m/n on input line 208.
LaTeX Font Info:    ... okay on input line 208.
LaTeX Font Info:    Checking defaults for OMS/cmsy/m/n on input line 208.
LaTeX Font Info:    ... okay on input line 208.
LaTeX Font Info:    Checking defaults for OMX/cmex/m/n on input line 208.
LaTeX Font Info:    ... okay on input line 208.
LaTeX Font Info:    Checking defaults for U/cmr/m/n on input line 208.
LaTeX Font Info:    ... okay on input line 208.
LaTeX Font Info:    Checking defaults for TS1/cmr/m/n on input line 208.
LaTeX Font Info:    Try loading font information for TS1+cmr on input line 208.


(C:\texmf\tex\latex\base\ts1cmr.fd
File: ts1cmr.fd 1999/05/25 v2.5h Standard LaTeX font definitions
)
LaTeX Font Info:    ... okay on input line 208.
 (C:\texmf\tex\context\base\supp-pdf.tex
(C:\texmf\tex\context\base\supp-mis.tex
loading : Context Support Macros / Miscellaneous (2004.10.26)
\protectiondepth=\count113
\scratchcounter=\count114
\scratchtoks=\toks22
\scratchdimen=\dimen123
\scratchskip=\skip65
\scratchmuskip=\muskip10
\scratchbox=\box61
\scratchread=\read1
\scratchwrite=\write4
\zeropoint=\dimen124
\onepoint=\dimen125
\onebasepoint=\dimen126
\minusone=\count115
\thousandpoint=\dimen127
\onerealpoint=\dimen128
\emptytoks=\toks23
\nextbox=\box62
\nextdepth=\dimen129
\everyline=\toks24
\!!counta=\count116
\!!countb=\count117
\recursecounter=\count118
)
loading : Context Support Macros / PDF (2004.03.26)
\nofMPsegments=\count119
\nofMParguments=\count120
\MPscratchCnt=\count121
\MPscratchDim=\dimen130
\MPnumerator=\count122
\everyMPtoPDFconversion=\toks25
)

LaTeX Font Warning: Font shape `T1/cmr/m/n' in size <200> not available
(Font)              size <35.83> substituted on input line 213.


LaTeX Font Warning: Font shape `T1/cmr/bx/n' in size <200> not available
(Font)              size <35.83> substituted on input line 216.

<Titelbild.png, id=1, 1025.8325pt x 584.1825pt>
File: Titelbild.png Graphic file (type png)
 <use Titelbild.png> [1


{psfonts.map} <Titelbild.png>]
LaTeX Font Info:    Try loading font information for T1+cmss on input line 261.

 (C:\texmf\tex\latex\base\t1cmss.fd
File: t1cmss.fd 1999/05/25 v2.5h Standard LaTeX font definitions
)
(ScriptOOPLatexV0_1.toc
LaTeX Font Info:    External font `cmex10' loaded for size
(Font)              <7> on input line 3.
LaTeX Font Info:    External font `cmex10' loaded for size
(Font)              <5> on input line 3.
LaTeX Font Info:    Try loading font information for T1+cmtt on input line 50.
 (C:\texmf\tex\latex\base\t1cmtt.fd
File: t1cmtt.fd 1999/05/25 v2.5h Standard LaTeX font definitions
) [2


])
\tf@toc=\write5
 [3]
Kapitel 1.
[4

]
Kapitel 2.
[5

] [6]
Kapitel 3.
[7

] <Vogel.pdf, id=53, 340.27126pt x 158.5925pt>
File: Vogel.pdf Graphic file (type pdf)
 <use Vogel.pdf>

LaTeX Warning: `h' float specifier changed to `ht'.

[8]
LaTeX Font Info:    Font shape `T1/cmtt/bx/n' in size <8> not available
(Font)              Font shape `T1/cmtt/m/n' tried instead on input line 379.
 [9 <Vogel.pdf>] [10]
Kapitel 4.
[11

] [12] [13] [14] <Vererbung1.pdf, id=87, 169.63374pt x 143.53625pt>
File: Vererbung1.pdf Graphic file (type pdf)

<use Vererbung1.pdf> <Vererbung2.pdf, id=88, 169.63374pt x 143.53625pt>
File: Vererbung2.pdf Graphic file (type pdf)

<use Vererbung2.pdf> [15 <Vererbung1.pdf> <Vererbung2.pdf>] [16]
<Assoziation2.pdf, id=105, 326.21875pt x 148.555pt>
File: Assoziation2.pdf Graphic file (type pdf)
 <use Assoziation2.pdf>
<Assoziation1.pdf, id=106, 328.22626pt x 151.56625pt>
File: Assoziation1.pdf Graphic file (type pdf)
 <use Assoziation1.pdf>
[17 <Assoziation2.pdf> <Assoziation1.pdf>]
<Komposition.pdf, id=120, 205.76875pt x 128.48pt>
File: Komposition.pdf Graphic file (type pdf)
 <use Komposition.pdf>
[18] <Aggregation.pdf, id=124, 197.73875pt x 125.46875pt>
File: Aggregation.pdf Graphic file (type pdf)

<use Aggregation.pdf> [19 <Komposition.pdf> <Aggregation.pdf>]
File: Assoziation1.pdf Graphic file (type pdf)

<use Assoziation1.pdf>
<Objektdiagramm2.pdf, id=139, 408.52625pt x 155.58125pt>
File: Objektdiagramm2.pdf Graphic file (type pdf)

<use Objektdiagramm2.pdf>
<objektdiagram.pdf, id=140, 346.29375pt x 155.58125pt>
File: objektdiagram.pdf Graphic file (type pdf)
 <use objektdiagram.pdf>
[20 <Objektdiagramm2.pdf>]
<VerkaeuferKlasse.pdf, id=149, 354.32375pt x 284.06125pt>
File: VerkaeuferKlasse.pdf Graphic file (type pdf)

<use VerkaeuferKlasse.pdf> [21 <objektdiagram.pdf>]
<VerkaeuferSequenz.pdf, id=158, 450.68375pt x 380.42125pt>
File: VerkaeuferSequenz.pdf Graphic file (type pdf)

<use VerkaeuferSequenz.pdf> [22 <VerkaeuferKlasse.pdf>]
<VerkaeuferKolaboration.pdf, id=168, 422.57875pt x 268.00125pt>
File: VerkaeuferKolaboration.pdf Graphic file (type pdf)

<use VerkaeuferKolaboration.pdf> [23 <VerkaeuferSequenz.pdf> <VerkaeuferKolabor
ation.pdf>]
Kapitel 5.
<PaternDekoAllg.pdf, id=183, 477.785pt x 229.85875pt>
File: PaternDekoAllg.pdf Graphic file (type pdf)
 <use PaternDekoAllg.pdf>
[24

 <PaternDekoAllg.pdf>] <PaternDekoBsp.pdf, id=192, 456.70625pt x 240.9pt>
File: PaternDekoBsp.pdf Graphic file (type pdf)

<use PaternDekoBsp.pdf>
<PaternDekoBspSeq.pdf, id=193, 397.485pt x 318.18875pt>
File: PaternDekoBspSeq.pdf Graphic file (type pdf)

<use PaternDekoBspSeq.pdf> [25 <PaternDekoBspSeq.pdf> <PaternDekoBsp.pdf>]
<PaternZustandAllg.pdf, id=210, 474.77374pt x 152.57pt>
File: PaternZustandAllg.pdf Graphic file (type pdf)

<use PaternZustandAllg.pdf>
<PaternZustandBsp.pdf, id=211, 470.75874pt x 234.8775pt>
File: PaternZustandBsp.pdf Graphic file (type pdf)

<use PaternZustandBsp.pdf>
<PaternZustandBspSeq1.pdf, id=212, 282.05376pt x 151.56625pt>
File: PaternZustandBspSeq1.pdf Graphic file (type pdf)

<use PaternZustandBspSeq1.pdf> [26 <PaternZustandAllg.pdf> <PaternZustandBsp.pd
f>] <PaternZustandBspSeq2.pdf, id=227, 281.05pt x 151.56625pt>
File: PaternZustandBspSeq2.pdf Graphic file (type pdf)

<use PaternZustandBspSeq2.pdf>
<PaternObserverAllg.pdf, id=229, 401.5pt x 369.38pt>
File: PaternObserverAllg.pdf Graphic file (type pdf)

<use PaternObserverAllg.pdf> [27 <PaternZustandBspSeq1.pdf> <PaternZustandBspSe
q2.pdf>] <PaternObserverAllgSeq.pdf, id=245, 384.43625pt x 294.09875pt>
File: PaternObserverAllgSeq.pdf Graphic file (type pdf)

<use PaternObserverAllgSeq.pdf> [28 <PaternObserverAllgSeq.pdf> <PaternObserver
Allg.pdf>] <PaternProxyAllg.pdf, id=261, 463.7325pt x 179.67125pt>
File: PaternProxyAllg.pdf Graphic file (type pdf)

<use PaternProxyAllg.pdf> [29 <PaternProxyAllg.pdf>]
<PaternProxyBsp.pdf, id=270, 456.70625pt x 258.9675pt>
File: PaternProxyBsp.pdf Graphic file (type pdf)

<use PaternProxyBsp.pdf>
<PaternProxyBspSeq.pdf, id=271, 301.125pt x 279.0425pt>
File: PaternProxyBspSeq.pdf Graphic file (type pdf)

<use PaternProxyBspSeq.pdf> [30 <PaternProxyBspSeq.pdf> <PaternProxyBsp.pdf>]
<PaternSingletonAllg.pdf, id=287, 445.665pt x 102.3825pt>
File: PaternSingletonAllg.pdf Graphic file (type pdf)

<use PaternSingletonAllg.pdf>
<PaternSingletonBsp.pdf, id=288, 451.6875pt x 115.43124pt>
File: PaternSingletonBsp.pdf Graphic file (type pdf)

<use PaternSingletonBsp.pdf>
<PaternSingletonBspSeq.pdf, id=289, 326.21875pt x 274.02374pt>
File: PaternSingletonBspSeq.pdf Graphic file (type pdf)

<use PaternSingletonBspSeq.pdf> [31 <PaternSingletonAllg.pdf> <PaternSingletonB
sp.pdf>] <PaternCommandAllg.pdf, id=305, 543.02875pt x 190.7125pt>
File: PaternCommandAllg.pdf Graphic file (type pdf)

<use PaternCommandAllg.pdf>
Overfull \hbox (1.06615pt too wide) in paragraph at lines 1108--1111
 [][] 
 []

[32 <PaternSingletonBspSeq.pdf>]
<PaternCommandBsp.pdf, id=315, 573.14125pt x 217.81375pt>
File: PaternCommandBsp.pdf Graphic file (type pdf)

<use PaternCommandBsp.pdf>
Overfull \hbox (25.1562pt too wide) in paragraph at lines 1118--1121
 [][] 
 []

<PaternCommandBspSeq.pdf, id=316, 500.87125pt x 432.61626pt>
File: PaternCommandBspSeq.pdf Graphic file (type pdf)

<use PaternCommandBspSeq.pdf>
Overfull \hbox (67.51259pt too wide) in paragraph at lines 1131--1134
 [][] 
 []

[33 <PaternCommandAllg.pdf> <PaternCommandBsp.pdf>] [34 <PaternCommandBspSeq.pd
f>] <PaternIteratorAllg.pdf, id=340, 365.365pt x 429.605pt>
File: PaternIteratorAllg.pdf Graphic file (type pdf)

<use PaternIteratorAllg.pdf>
<PaternIteratorBsp.pdf, id=341, 573.14125pt x 256.96pt>
File: PaternIteratorBsp.pdf Graphic file (type pdf)

<use PaternIteratorBsp.pdf>
Overfull \hbox (25.1562pt too wide) in paragraph at lines 1156--1159
 [][] 
 []

[35 <PaternIteratorAllg.pdf>]
<PaternIteratorBspSeq.pdf, id=350, 387.4475pt x 398.48875pt>
File: PaternIteratorBspSeq.pdf Graphic file (type pdf)

<use PaternIteratorBspSeq.pdf> [36 <PaternIteratorBspSeq.pdf> <PaternIteratorBs
p.pdf>]
Kapitel 6.
<Usecase.pdf, id=366, 573.14125pt x 497.86pt>
File: Usecase.pdf Graphic file (type pdf)
 <use Usecase.pdf> [37

 <Usecase.pdf>]
Overfull \hbox (5.13342pt too wide) in paragraph at lines 1227--1254
[][] 
 []

[38] <Statechart.pdf, id=379, 573.14125pt x 416.55624pt>
File: Statechart.pdf Graphic file (type pdf)
 <use Statechart.pdf>
[39] [40 <Statechart.pdf>]
<Activitydiagramm.pdf, id=391, 505.89pt x 623.32875pt>
File: Activitydiagramm.pdf Graphic file (type pdf)

<use Activitydiagramm.pdf> [41 <Activitydiagramm.pdf>]
<Swimmlanes.pdf, id=400, 571.13374pt x 639.38875pt>
File: Swimmlanes.pdf Graphic file (type pdf)
 <use Swimmlanes.pdf>
[42 <Swimmlanes.pdf>] <paketdiagramm.pdf, id=411, 512.91624pt x 372.39125pt>
File: paketdiagramm.pdf Graphic file (type pdf)

<use paketdiagramm.pdf> [43 <paketdiagramm.pdf>]
Kapitel 7.
[44

] [45]
Overfull \hbox (4.55247pt too wide) in paragraph at lines 1495--1499
 []
 []


Underfull \hbox (badness 10000) in paragraph at lines 1495--1499

 []


Overfull \hbox (4.55247pt too wide) in paragraph at lines 1500--1504
 []
 []


Underfull \hbox (badness 10000) in paragraph at lines 1500--1504

 []

[46]
Overfull \hbox (4.55247pt too wide) in paragraph at lines 1505--1509
 []
 []


Underfull \hbox (badness 10000) in paragraph at lines 1505--1509

 []


Overfull \hbox (4.55247pt too wide) in paragraph at lines 1510--1515
 []
 []


Underfull \hbox (badness 10000) in paragraph at lines 1510--1515

 []


Overfull \hbox (4.55247pt too wide) in paragraph at lines 1516--1519
 []
 []


Underfull \hbox (badness 10000) in paragraph at lines 1516--1519

 []


Overfull \hbox (4.55247pt too wide) in paragraph at lines 1520--1523
 []
 []


Underfull \hbox (badness 10000) in paragraph at lines 1520--1523

 []


Overfull \hbox (4.55247pt too wide) in paragraph at lines 1524--1530
 []
 []


Underfull \hbox (badness 10000) in paragraph at lines 1524--1530

 []

[47]
Overfull \hbox (4.55247pt too wide) in paragraph at lines 1535--1539
 []
 []


Underfull \hbox (badness 10000) in paragraph at lines 1535--1539

 []


Underfull \hbox (badness 10000) in paragraph at lines 1548--1551
[]|[][][][][][][][][][][][][][][][][][][][][][][]
 []


Underfull \hbox (badness 10000) in paragraph at lines 1548--1551
[][][][][][][][][][][][][][][][][][][][][][][]
 []


Underfull \hbox (badness 10000) in paragraph at lines 1548--1551
[][][][][][][][][][][][][][][][][][][][][][][]
 []


Underfull \hbox (badness 10000) in paragraph at lines 1558--1561
[]|[][][][][][][][][][][][][][][][][][][][][][][][][][][][][][][]
 []


Underfull \hbox (badness 10000) in paragraph at lines 1558--1561
[][][][][][][][][][][][][][][][][][][][][][][][][][][][][][][]
 []


Underfull \hbox (badness 10000) in paragraph at lines 1558--1561
[][][][][][][][][][][][][][][][][][][][][][][][][][][][][][][]
 []


Overfull \hbox (4.55247pt too wide) in paragraph at lines 1543--1564
 []
 []


Underfull \hbox (badness 10000) in paragraph at lines 1543--1564

 []

[48]
Underfull \hbox (badness 10000) in paragraph at lines 1571--1574
[]|[][][][][][][][][][][]
 []


Underfull \hbox (badness 10000) in paragraph at lines 1571--1574
[][][][][][][][][][][]
 []


Underfull \hbox (badness 10000) in paragraph at lines 1571--1574
[][][][][][][][][][][]
 []


Overfull \hbox (4.55247pt too wide) in paragraph at lines 1568--1577
 []
 []


Underfull \hbox (badness 10000) in paragraph at lines 1568--1577

 []


Underfull \hbox (badness 10000) in paragraph at lines 1585--1588
[]|[][][][][][][][][][][]
 []


Underfull \hbox (badness 10000) in paragraph at lines 1585--1588
[][][][][][][][][][][]
 []


Underfull \hbox (badness 10000) in paragraph at lines 1585--1588
[][][][][][][][][][][]
 []


Underfull \hbox (badness 10000) in paragraph at lines 1589--1592
[]|[][][][][][][][][][][][][][][][][][][][][][][][][][][][][][][]
 []


Underfull \hbox (badness 10000) in paragraph at lines 1589--1592
[][][][][][][][][][][][][][][][][][][][][][][][][][][][][][][]
 []


Underfull \hbox (badness 10000) in paragraph at lines 1589--1592
[][][][][][][][][][][][][][][][][][][][][][][][][][][][][][][]
 []


Overfull \hbox (4.55247pt too wide) in paragraph at lines 1581--1598
 [] 
 []


Underfull \hbox (badness 10000) in paragraph at lines 1581--1598

 []

[49]
Overfull \hbox (4.55247pt too wide) in paragraph at lines 1602--1613
 []
 []


Underfull \hbox (badness 10000) in paragraph at lines 1602--1613

 []

[50]
Overfull \hbox (4.55247pt too wide) in paragraph at lines 1618--1625
 []
 []


Underfull \hbox (badness 10000) in paragraph at lines 1618--1625

 []

[51]
Overfull \hbox (4.55247pt too wide) in paragraph at lines 1631--1648
 []
 []


Underfull \hbox (badness 10000) in paragraph at lines 1631--1648

 []

[52]
Underfull \hbox (badness 10000) in paragraph at lines 1667--1667
[]|[][][][][][][][][][][][][][][][][][]
 []


Underfull \hbox (badness 10000) in paragraph at lines 1668--1668
[]|[][][][][][][][][][][][][][][][][][][][][][]
 []


Overfull \hbox (4.55247pt too wide) in paragraph at lines 1660--1673
 []
 []


Underfull \hbox (badness 10000) in paragraph at lines 1660--1673

 []

[53]
Underfull \hbox (badness 10000) in paragraph at lines 1680--1680
[]|[][][][][][][][][][][][][][][][][][][][][][]
 []


Underfull \hbox (badness 10000) in paragraph at lines 1688--1688
[]|[][][][][][][][][][][][][][][][][][]
 []


Underfull \hbox (badness 10000) in paragraph at lines 1696--1696
[]|[][][][][][][][][][][][][][][][][][]
 []


Overfull \hbox (4.55247pt too wide) in paragraph at lines 1679--1715
 []
 []


Underfull \hbox (badness 10000) in paragraph at lines 1679--1715

 []

[54]
Overfull \hbox (4.55247pt too wide) in paragraph at lines 1721--1739
 []
 []


Underfull \hbox (badness 10000) in paragraph at lines 1721--1739

 []

[55]
Overfull \hbox (4.55247pt too wide) in paragraph at lines 1750--1758
 []
 []


Underfull \hbox (badness 10000) in paragraph at lines 1750--1758

 []


Underfull \hbox (badness 10000) in paragraph at lines 1767--1770
[]|[][][][][][][][][][][][][][][]
 []


Underfull \hbox (badness 10000) in paragraph at lines 1767--1770
[][][][][]
 []


Underfull \hbox (badness 10000) in paragraph at lines 1767--1770
[][][][][][][][][][][][][][][][][][][][][][][][][][][][][]
 []


Overfull \hbox (4.55247pt too wide) in paragraph at lines 1763--1772
 []
 []


Underfull \hbox (badness 10000) in paragraph at lines 1763--1772

 []


Overfull \hbox (4.55247pt too wide) in paragraph at lines 1776--1784
 []
 []


Underfull \hbox (badness 10000) in paragraph at lines 1776--1784

 []

[56]
Underfull \hbox (badness 10000) in paragraph at lines 1793--1797
[]|[][][][][][][][][][][][][][][]
 []


Underfull \hbox (badness 10000) in paragraph at lines 1793--1797
[][][][][]
 []


Underfull \hbox (badness 10000) in paragraph at lines 1793--1797
[][][][][][][][][][][][][][][][]
 []


Underfull \hbox (badness 10000) in paragraph at lines 1793--1797
[][][][][][][][][][][][][][][][][][][][][]
 []


Underfull \hbox (badness 10000) in paragraph at lines 1793--1797
[][][][][][][][][][][]
 []


Overfull \hbox (4.55247pt too wide) in paragraph at lines 1789--1799
 []
 []


Underfull \hbox (badness 10000) in paragraph at lines 1789--1799

 []


Overfull \hbox (4.55247pt too wide) in paragraph at lines 1804--1812
 []
 []


Underfull \hbox (badness 10000) in paragraph at lines 1804--1812

 []


Underfull \hbox (badness 10000) in paragraph at lines 1819--1823
[]|[][][][][][][][][][][][][][][]
 []


Underfull \hbox (badness 10000) in paragraph at lines 1819--1823
[][][][][]
 []


Underfull \hbox (badness 10000) in paragraph at lines 1819--1823
[][][][][][][][][][][][][][][][][][][][][][][][][][][][][][][][][]
 []


Underfull \hbox (badness 10000) in paragraph at lines 1819--1823
[][][][][][][][][][][]
 []


Underfull \hbox (badness 2617) in paragraph at lines 1823--1824
[]|\T1/cmr/m/n/10 Implementation der Funk-ti-on für die Klas-se
 []


Overfull \hbox (4.55247pt too wide) in paragraph at lines 1815--1825
 []
 []


Underfull \hbox (badness 10000) in paragraph at lines 1815--1825

 []

[57]
Overfull \hbox (4.55247pt too wide) in paragraph at lines 1830--1847
 []
 []


Underfull \hbox (badness 10000) in paragraph at lines 1830--1847

 []

[58]
Kapitel 8.
[59

] [60] [61] [62] [63]
Kapitel 9.
[64

] [65] [66]
Underfull \hbox (badness 10000) in paragraph at lines 2207--2208
[]|[][][][][][][][][][][][][][][][][][][][]
 []


Overfull \hbox (28.19728pt too wide) in paragraph at lines 2173--2211
[][] 
 []


Underfull \hbox (badness 1132) in paragraph at lines 2220--2220
[]|\T1/cmr/m/n/10 Elementauswahl bei Klas-sen/Struk-tu-
 []


Overfull \hbox (35.96692pt too wide) in paragraph at lines 2214--2267
[][] 
 []

[67] [68] [69] [70] [71] [72] [73] [74] [75] [76] [77] [78]
<Mehrfacherb.pdf, id=545, 251.94125pt x 269.005pt>
File: Mehrfacherb.pdf Graphic file (type pdf)
 <use Mehrfacherb.pdf>
[79 <Mehrfacherb.pdf>] [80] [81] [82] [83] [84] [85] [86] [87] [88] [89]
[90] [91] [92] [93] [94] [95] [96] [97] [98] [99] [100] [101]
Kapitel 10.
[102

] [103] [104] [105]
Kapitel 11.
[106

] <UnifiedProcess.pdf, id=652, 471.7625pt x 251.94125pt>
File: UnifiedProcess.pdf Graphic file (type pdf)

<use UnifiedProcess.pdf>
<UnifiedProcessModellentwicklung.pdf, id=653, 528.97626pt x 209.78375pt>
File: UnifiedProcessModellentwicklung.pdf Graphic file (type pdf)

<use UnifiedProcessModellentwicklung.pdf> [107 <UnifiedProcess.pdf>] [108 <Unif
iedProcessModellentwicklung.pdf>]
<UnifiedProcessUseCase.pdf, id=666, 321.2pt x 239.89626pt>
File: UnifiedProcessUseCase.pdf Graphic file (type pdf)

<use UnifiedProcessUseCase.pdf> [109 <UnifiedProcessUseCase.pdf>]
<UnifiedProcessUseCase_Analysis.pdf, id=674, 468.75125pt x 274.02374pt>
File: UnifiedProcessUseCase_Analysis.pdf Graphic file (type pdf)

<use UnifiedProcessUseCase_Analysis.pdf>
<UnifiedProcessAnalysis.pdf, id=675, 752.8125pt x 284.06125pt>
File: UnifiedProcessAnalysis.pdf Graphic file (type pdf)

<use UnifiedProcessAnalysis.pdf>
Overfull \hbox (18.33356pt too wide) in paragraph at lines 4496--4499
 [][] 
 []

[110 <UnifiedProcessUseCase_Analysis.pdf> <UnifiedProcessAnalysis.pdf>]
<UnifiedProcessCollaboration.pdf, id=685, 509.905pt x 199.74625pt>
File: UnifiedProcessCollaboration.pdf Graphic file (type pdf)

<use UnifiedProcessCollaboration.pdf> [111 <UnifiedProcessCollaboration.pdf>]
<UnifiedProcessAnalysisDesign.pdf, id=692, 559.08875pt x 224.84pt>
File: UnifiedProcessAnalysisDesign.pdf Graphic file (type pdf)

<use UnifiedProcessAnalysisDesign.pdf>
Overfull \hbox (13.91417pt too wide) in paragraph at lines 4529--4532
 [][] 
 []

<UnifiedProcessClassdiagram.pdf, id=693, 516.93124pt x 203.76125pt>
File: UnifiedProcessClassdiagram.pdf Graphic file (type pdf)

<use UnifiedProcessClassdiagram.pdf>
<UnifiedProcessSequence.pdf, id=694, 509.905pt x 460.72125pt>
File: UnifiedProcessSequence.pdf Graphic file (type pdf)

<use UnifiedProcessSequence.pdf> [112 <UnifiedProcessAnalysisDesign.pdf> <Unifi
edProcessClassdiagram.pdf>]
<UnifiedProcessPackages.pdf, id=704, 520.94624pt x 176.66pt>
File: UnifiedProcessPackages.pdf Graphic file (type pdf)

<use UnifiedProcessPackages.pdf>
<UnifiedProcessImplementationMapping.pdf, id=705, 483.8075pt x 258.9675pt>
File: UnifiedProcessImplementationMapping.pdf Graphic file (type pdf)

<use UnifiedProcessImplementationMapping.pdf> [113 <UnifiedProcessSequence.pdf>
 <UnifiedProcessPackages.pdf>] [114 <UnifiedProcessImplementationMapping.pdf>]
Anhang A.
[115

] [116]
\c@Literatur=\count123

Underfull \hbox (badness 10000) detected at line 4722
[]\T1/cmr/m/n/9 Lit1[]
 []


Underfull \hbox (badness 10000) detected at line 4730
[]\T1/cmr/m/n/9 Lit2[]
 []


Underfull \hbox (badness 10000) detected at line 4734
[]\T1/cmr/m/n/9 Lit3[]
 []


Underfull \hbox (badness 10000) detected at line 4737
[]\T1/cmr/m/n/9 Lit4[]
 []


Underfull \hbox (badness 10000) detected at line 4740
[]\T1/cmr/m/n/9 Lit5[]
 []


Underfull \hbox (badness 10000) detected at line 4743
[]\T1/cmr/m/n/9 Lit6[]
 []


Underfull \hbox (badness 10000) detected at line 4746
[]\T1/cmr/m/n/9 Lit7[]
 []


Underfull \hbox (badness 10000) detected at line 4749
[]\T1/cmr/m/n/9 Lit8[]
 []


Underfull \hbox (badness 10000) detected at line 4753
[]\T1/cmr/m/n/9 Lit9[]
 []


Underfull \hbox (badness 10000) detected at line 4756
[]\T1/cmr/m/n/9 Lit10[]
 []

[117]
Overfull \hbox (1.42651pt too wide) in paragraph at lines 4786--4787
[]\T1/cmr/m/n/10 Umstrukturierung (Re-fac-to-ring) ist ei-ne Pro-gram-mier-tech
-nik, bei der (klei-
 []

[118]
Underfull \hbox (badness 10000) in paragraph at lines 4849--4850

 []


Underfull \hbox (badness 10000) in paragraph at lines 4854--4855

 []


Underfull \hbox (badness 10000) in paragraph at lines 4867--4868

 []

[119]
Underfull \hbox (badness 10000) in paragraph at lines 4869--4870

 []


Underfull \hbox (badness 10000) in paragraph at lines 4876--4877

 []

[120]
Overfull \hbox (11.45915pt too wide) in alignment at lines 4906--4928
 [] [] 
 []


Overfull \hbox (11.45915pt too wide) in alignment at lines 4928--4949
 [] [] 
 []


Overfull \hbox (11.45915pt too wide) in alignment at lines 4949--4969
 [] [] 
 []


Overfull \hbox (11.45915pt too wide) in alignment at lines 4969--4989
 [] [] 
 []

[121]
Overfull \hbox (11.45915pt too wide) in alignment at lines 4989--5009
 [] [] 
 []


Overfull \hbox (11.45915pt too wide) in alignment at lines 5009--5029
 [] [] 
 []


Overfull \hbox (11.45915pt too wide) in alignment at lines 5029--5044
 [] [] 
 []

[122] (ScriptOOPLatexV0_1.ind [123] [124



] [125]) (ScriptOOPLatexV0_1.aux)

LaTeX Font Warning: Size substitutions with differences
(Font)              up to 164.17pt have occurred.

 ) 
Here is how much of TeX's memory you used:
 5889 strings out of 95504
 75346 string characters out of 1189333
 251931 words of memory out of 1119010
 8585 multiletter control sequences out of 60000
 18754 words of font info for 38 fonts, out of 1000000 for 2000
 14 hyphenation exceptions out of 4999
 35i,15n,68p,1431b,1865s stack positions out of 5000i,500n,10000p,200000b,32768s
PDF statistics:
 776 PDF objects out of 300000
 0 named destinations out of 300000
 322 words of extra memory for PDF output out of 65536
{cm-super-t1.enc}<C:\texmf\fonts\type1\public\cm-super\sfti0900.pfb><C:\texmf
\fonts\type1\public\cm-super\sftt0900.pfb><C:\texmf\fonts\type1\public\cm-super
\sfbx0900.pfb><C:\texmf\fonts\type1\public\cm-super\sfrm0900.pfb><C:\texmf\font
s\type1\bluesky\cm\cmsy10.pfb><C:\texmf\fonts\type1\bluesky\cm\cmr10.pfb><C:\te
xmf\fonts\type1\bluesky\cm\cmmi10.pfb>{cm-super-ts1.enc}<C:\texmf\fonts\type1\p
ublic\cm-super\sfrm1000.pfb><C:\texmf\fonts\type1\bluesky\cm\cmmi7.pfb><C:\texm
f\fonts\type1\public\cm-super\sfrm0800.pfb><C:\texmf\fonts\type1\public\cm-supe
r\sftt1440.pfb><C:\texmf\fonts\type1\public\cm-super\sftt2074.pfb><C:\texmf\fon
ts\type1\public\cm-super\sftt0800.pfb><C:\texmf\fonts\type1\public\cm-super\sfi
t0800.pfb><C:\texmf\fonts\type1\public\cm-super\sfti1000.pfb><C:\texmf\fonts\ty
pe1\public\cm-super\sfsx1200.pfb><C:\texmf\fonts\type1\public\cm-super\sfsx1440
.pfb><C:\texmf\fonts\type1\public\cm-super\sftt1000.pfb><C:\texmf\fonts\type1\p
ublic\cm-super\sfsx1000.pfb><C:\texmf\fonts\type1\public\cm-super\sfsx2074.pfb>
<C:\texmf\fonts\type1\public\cm-super\sfrm1000.pfb><C:\texmf\fonts\type1\public
\cm-super\sfrm1440.pfb><C:\texmf\fonts\type1\public\cm-super\sfbx3583.pfb>
Output written on ScriptOOPLatexV0_1.pdf (125 pages, 3250305 bytes).
