This is TeX, Version 3.14159 (MiKTeX 2.2) (preloaded format=latex 2000.11.28)  1 OCT 2004 14:48
**ScriptOOPLatexV0_0.tex
(ScriptOOPLatexV0_0.tex
LaTeX2e <2001/06/01>
Babel <v3.7h> and hyphenation patterns for english, french, german, ngerman, du
mylang, nohyphenation, loaded.
(C:\texmf\tex\latex\koma-script\scrreprt.cls
Document Class: scrreprt 2002/09/18 v2.9j LaTeX2e KOMA document class
(C:\texmf\tex\latex\koma-script\scrlfile.sty
Package: scrlfile 2002/09/18 v2.9j LaTeX2e KOMA package

Package scrlfile, 2002/09/18 v2.9j LaTeX2e KOMA package
                  Copyright (C) Markus Kohm

) (C:\texmf\tex\latex\base\size10.clo
File: size10.clo 2001/04/21 v1.4e Standard LaTeX file (size option)
)
(C:\texmf\tex\latex\koma-script\typearea.sty
Package: typearea 2002/09/18 v2.9j LaTeX2e KOMA package

Package typearea, 2002/09/18 v2.9j LaTeX2e KOMA package
                  Copyright (C) Frank Neukam, 1992-1994
                  Copyright (C) Markus Kohm, 1994-2002

\ta@bcor=\skip41
\ta@div=\count79
\ta@hblk=\skip42
\ta@vblk=\skip43
\ta@temp=\skip44

Package typearea Warning: Bad DIV-value!
(typearea)                You should decrease DIV, increase fontsize or
(typearea)                change papersize.

Package typearea Info: These are the values describing the layout:
(typearea)             DIV  = 13
(typearea)             BCOR = 0.0pt
(typearea)             \paperwidth      = 597.50793pt
(typearea)              \textwidth      = 459.6215pt
(typearea)              DIV-departure   = -29/100
(typearea)              \evensidemargin = 19.6543pt
(typearea)              \oddsidemargin  = -26.30785pt
(typearea)             \paperheight     = 845.04694pt
(typearea)              \textheight     = 658.0pt
(typearea)              \topmargin      = -40.26639pt
(typearea)              \headheight     = 15.0pt
(typearea)              \headsep        = 18.0pt
(typearea)              \topskip        = 10.0pt
(typearea)              \footskip       = 42.0pt
(typearea)              \baselineskip   = 12.0pt
(typearea)              on input line 625.
)
\c@part=\count80
\c@chapter=\count81
\c@section=\count82
\c@subsection=\count83
\c@subsubsection=\count84
\c@paragraph=\count85
\c@subparagraph=\count86
\c@figure=\count87
\c@table=\count88
\abovecaptionskip=\skip45
\belowcaptionskip=\skip46
\c@pti@nb@sid@b@x=\box26
\bibindent=\dimen102
) (C:\texmf\tex\latex\german\german.sty v2.5e 1998-07-08
Package: german 1998/07/08 v2.5e Support for writing german texts (br)
\grmnU@D=\dimen103
german -- \language number for Austrian undefined, default 2 used.
)
(C:\texmf\tex\latex\graphics\color.sty
Package: color 1999/02/16 v1.0i Standard LaTeX Color (DPC)
 (C:\texmf\tex\latex\00miktex\color.cfg)
Package color Info: Driver file: dvips.def on input line 125.

(C:\texmf\tex\latex\graphics\dvips.def
File: dvips.def 1999/02/16 v3.0i Driver-dependant file (DPC,SPQR)
)
(C:\texmf\tex\latex\graphics\dvipsnam.def
File: dvipsnam.def 1999/02/16 v3.0i Driver-dependant file (DPC,SPQR)
))
(C:\texmf\tex\latex\listings\listings.sty
Package: listings 2002/04/01 1.0 (Carsten Heinz)

(C:\texmf\tex\latex\graphics\keyval.sty
Package: keyval 1999/03/16 v1.13 key=value parser (DPC)
\KV@toks@=\toks14
)
\lst@mode=\count89
\lst@gtempboxa=\box27
\lst@token=\toks15
\lst@length=\count90
\lst@currlwidth=\dimen104
\lst@column=\count91
\lst@pos=\count92
\lst@lostspace=\dimen105
\lst@width=\dimen106
\lst@newlines=\count93
\lst@lineno=\count94
\c@lstlisting=\count95
\lst@maxwidth=\dimen107

(C:\texmf\tex\latex\listings\lstpatch.sty
File: lstpatch.sty 2002/10/13 1.0i (Carsten Heinz)
)
(C:\texmf\tex\latex\listings\lstmisc.sty
File: lstmisc.sty 2002/04/01 1.0 (Carsten Heinz)
\c@lstnumber=\count96
\lst@skipnumbers=\count97
\lst@framebox=\box28
)
(C:\texmf\tex\latex\listings\listings.cfg
File: listings.cfg 2002/04/01 v1.0 listings configuration
))
(C:\texmf\tex\latex\ltxmisc\framed.sty
Package: framed 2001/07/29 v 0.3: framed text with page breaks
\FrameRule=\dimen108
\FrameSep=\dimen109
) (C:\texmf\tex\latex\tools\hhline.sty
Package: hhline 1994/05/23 v2.03 Table rule package (DPC)
)
(C:\texmf\tex\latex\tools\multicol.sty
Package: multicol 2000/07/10 v1.5z multicolumn formatting (FMi)
\c@tracingmulticols=\count98
\mult@box=\box29
\multicol@leftmargin=\dimen110
\c@unbalance=\count99
\c@collectmore=\count100
\doublecol@number=\count101
\multicoltolerance=\count102
\multicolpretolerance=\count103
\full@width=\dimen111
\page@free=\dimen112
\premulticols=\dimen113
\postmulticols=\dimen114
\multicolsep=\skip47
\multicolbaselineskip=\skip48
\partial@page=\box30
\last@line=\box31
\mult@rightbox=\box32
\mult@grightbox=\box33
\mult@gfirstbox=\box34
\mult@firstbox=\box35
\@tempa=\box36
\@tempa=\box37
\@tempa=\box38
\@tempa=\box39
\@tempa=\box40
\@tempa=\box41
\@tempa=\box42
\@tempa=\box43
\@tempa=\box44
\@tempa=\box45
\@tempa=\box46
\@tempa=\box47
\@tempa=\box48
\@tempa=\box49
\@tempa=\box50
\@tempa=\box51
\@tempa=\box52
\c@columnbadness=\count104
\c@finalcolumnbadness=\count105
\last@try=\dimen115
\multicolovershoot=\dimen116
\multicolundershoot=\dimen117
\mult@nat@firstbox=\box53
\colbreak@box=\box54
)
(C:\texmf\tex\latex\carlisle\colortbl.sty
Package: colortbl 1999/03/24 v0.1i Color table columns (DPC)
 (C:\texmf\tex\latex\tools\array.sty
Package: array 1998/05/13 v2.3m Tabular extension package (FMi)
\col@sep=\dimen118
\extrarowheight=\dimen119
\NC@list=\toks16
\extratabsurround=\skip49
\backup@length=\skip50
)
\everycr=\toks17
\minrowclearance=\skip51
) (C:\texmf\tex\latex\graphics\graphicx.sty
Package: graphicx 1999/02/16 v1.0f Enhanced LaTeX Graphics (DPC,SPQR)

(C:\texmf\tex\latex\graphics\graphics.sty
Package: graphics 2001/07/07 v1.0n Standard LaTeX Graphics (DPC,SPQR)
 (C:\texmf\tex\latex\graphics\trig.sty
Package: trig 1999/03/16 v1.09 sin cos tan (DPC)
) (C:\texmf\tex\latex\00miktex\graphics.cfg)
Package graphics Info: Driver file: dvips.def on input line 80.
)
\Gin@req@height=\dimen120
\Gin@req@width=\dimen121
)
(C:\texmf\tex\latex\base\inputenc.sty
Package: inputenc 2001/07/10 v0.99a Input encoding file 
 (C:\texmf\tex\latex\base\latin1.def
File: latin1.def 2001/07/10 v0.99a Input encoding file 
))
(C:\texmf\tex\latex\base\fontenc.sty
Package: fontenc 2001/06/05 v1.94 Standard LaTeX package
 (C:\texmf\tex\latex\base\t1enc.def
File: t1enc.def 2001/06/05 v1.94 Standard LaTeX file
LaTeX Font Info:    Redeclaring font encoding T1 on input line 38.
))
(C:\texmf\tex\latex\base\textcomp.sty
Package: textcomp 2001/06/05 v1.94 Standard LaTeX package
 (C:\texmf\tex\latex\base\ts1enc.def
File: ts1enc.def 2001/06/05 v3.0e (jk/car/fm) Standard LaTeX file
))
(C:\texmf\tex\latex\fancyhdr\fancyhdr.sty
\headwidth=\dimen122
)
(C:\texmf\tex\latex\listings\lstlang1.sty
File: lstlang1 2002/07/31 v1.0d listings language file
)
(C:\texmf\tex\latex\listings\lstlang1.sty
File: lstlang1 2002/07/31 v1.0d listings language file
)
(C:\texmf\tex\latex\listings\lstmisc.sty
File: lstmisc.sty 2002/04/01 1.0 (Carsten Heinz)
) (ScriptOOPLatexV0_0.aux)
LaTeX Font Info:    Checking defaults for OML/cmm/m/it on input line 142.
LaTeX Font Info:    ... okay on input line 142.
LaTeX Font Info:    Checking defaults for T1/cmr/m/n on input line 142.
LaTeX Font Info:    ... okay on input line 142.
LaTeX Font Info:    Checking defaults for OT1/cmr/m/n on input line 142.
LaTeX Font Info:    ... okay on input line 142.
LaTeX Font Info:    Checking defaults for OMS/cmsy/m/n on input line 142.
LaTeX Font Info:    ... okay on input line 142.
LaTeX Font Info:    Checking defaults for OMX/cmex/m/n on input line 142.
LaTeX Font Info:    ... okay on input line 142.
LaTeX Font Info:    Checking defaults for U/cmr/m/n on input line 142.
LaTeX Font Info:    ... okay on input line 142.
LaTeX Font Info:    Checking defaults for TS1/cmr/m/n on input line 142.
LaTeX Font Info:    Try loading font information for TS1+cmr on input line 142.


(C:\texmf\tex\latex\base\ts1cmr.fd
File: ts1cmr.fd 1999/05/25 v2.5h Standard LaTeX font definitions
)
LaTeX Font Info:    ... okay on input line 142.
File: Titelbild.eps Graphic file (type eps)
 <Titelbild.eps> [1]
LaTeX Font Info:    Try loading font information for T1+cmss on input line 150.


(C:\texmf\tex\latex\base\t1cmss.fd
File: t1cmss.fd 1999/05/25 v2.5h Standard LaTeX font definitions
) (ScriptOOPLatexV0_0.toc)
\tf@toc=\write3
 [2


]
Kapitel 1.
LaTeX Font Info:    Try loading font information for T1+cmtt on input line 155.

(C:\texmf\tex\latex\base\t1cmtt.fd
File: t1cmtt.fd 1999/05/25 v2.5h Standard LaTeX font definitions
) [3

]
Kapitel 2.
[4

] [5]
Kapitel 3.
[6

]
File: Vogel.eps Graphic file (type eps)
 <Vogel.eps>
LaTeX Font Info:    Font shape `T1/cmtt/bx/n' in size <8> not available
(Font)              Font shape `T1/cmtt/m/n' tried instead on input line 237.
 [7] [8]
Kapitel 4.
=============== Entering putframe ==================== 
Box of size 74.8872pt fits in 242.99323pt: \pagetotal=415.00677pt, \pagegoal=65
8.0pt, \pagestretch=33.91573pt, \pageshrink=27.78706pt. 
LaTeX Font Info:    External font `cmex10' loaded for size
(Font)              <7> on input line 340.
LaTeX Font Info:    External font `cmex10' loaded for size
(Font)              <5> on input line 340.
 [9

]
=============== Entering putframe ====================  [10] [11] [12]
File: Vererbung1.eps Graphic file (type eps)

<Vererbung1.eps>
File: Vererbung2.eps Graphic file (type eps)
 <Vererbung2.eps>
Overfull \hbox (4.32516pt too wide) in paragraph at lines 470--473
[][][] []
 []

[13]
File: Assoziation2.eps Graphic file (type eps)
 <Assoziation2.eps>
File: Assoziation1.eps Graphic file (type eps)
 <Assoziation1.eps> [14] [15]
File: Komposition.eps Graphic file (type eps)
 <Komposition.eps>
File: Aggregation.eps Graphic file (type eps)

<Aggregation.eps> [16]
File: Assoziation1.eps Graphic file (type eps)
 <Assoziation1.eps>
File: Objektdiagramm2.eps Graphic file (type eps)
 <Objektdiagramm2.eps>
File: objektdiagram.eps Graphic file (type eps)

<objektdiagram.eps>

LaTeX Warning: `!h' float specifier changed to `!ht'.

[17]
File: VerkaeuferKlasse.eps Graphic file (type eps)
 <VerkaeuferKlasse.eps> [18]
File: VerkaeuferSequenz.eps Graphic file (type eps)
 <VerkaeuferSequenz.eps>
File: VerkaeuferKolaboration.eps Graphic file (type eps)

<VerkaeuferKolaboration.eps>

LaTeX Warning: `!h' float specifier changed to `!ht'.

[19] [20]
Kapitel 5.
File: PaternDekoAllg.eps Graphic file (type eps)
<PaternDekoAllg.eps>
Overfull \hbox (18.16348pt too wide) in paragraph at lines 745--747
 [][][] 
 []


LaTeX Warning: `!h' float specifier changed to `!ht'.

File: PaternDekoBsp.eps Graphic file (type eps)
<PaternDekoBsp.eps>

LaTeX Warning: `!h' float specifier changed to `!ht'.

File: PaternDekoBspSeq.eps Graphic file (type eps)
<PaternDekoBspSeq.eps>

LaTeX Warning: `!h' float specifier changed to `!ht'.

File: PaternZustandAllg.eps Graphic file (type eps)
<PaternZustandAllg.eps>
Overfull \hbox (15.15224pt too wide) in paragraph at lines 773--775
 [][][] 
 []


LaTeX Warning: `!h' float specifier changed to `!ht'.

File: PaternZustandBsp.eps Graphic file (type eps)
<PaternZustandBsp.eps>
Overfull \hbox (11.13724pt too wide) in paragraph at lines 781--783
 [][][] 
 []

[21

]

LaTeX Warning: `!h' float specifier changed to `!ht'.

File: PaternZustandBspSeq1.eps Graphic file (type eps)
<PaternZustandBspSeq1.eps>

LaTeX Warning: `!h' float specifier changed to `!ht'.

File: PaternZustandBspSeq2.eps Graphic file (type eps)
<PaternZustandBspSeq2.eps>

LaTeX Warning: `!h' float specifier changed to `!ht'.


Underfull \vbox (badness 1253) has occurred while \output is active []

 [22]
[23]
File: PaternObserverAllg.eps Graphic file (type eps)
 <PaternObserverAllg.eps> [24]
File: PaternObserverAllgSeq.eps Graphic file (type eps)
 <PaternObserverAllgSeq.eps>

LaTeX Warning: `!h' float specifier changed to `!ht'.


Underfull \vbox (badness 2393) has occurred while \output is active []

 [25]
File: PaternProxyAllg.eps Graphic file (type eps)

<PaternProxyAllg.eps>
Overfull \hbox (4.111pt too wide) in paragraph at lines 844--846
 [][][] 
 []

[26]
File: PaternProxyBsp.eps Graphic file (type eps)
 <PaternProxyBsp.eps>
File: PaternProxyBspSeq.eps Graphic file (type eps)
 <PaternProxyBspSeq.eps>

LaTeX Warning: `!h' float specifier changed to `!ht'.

[27] [28]
Kapitel 6.
[29

] [30]
Overfull \hbox (1.0175pt too wide) in paragraph at lines 1029--1034
[]
 []


Underfull \hbox (badness 10000) in paragraph at lines 1029--1034

 []


Overfull \hbox (1.0175pt too wide) in paragraph at lines 1035--1039
[]
 []


Underfull \hbox (badness 10000) in paragraph at lines 1035--1039

 []

[31]
Overfull \hbox (1.0175pt too wide) in paragraph at lines 1040--1044
[]
 []


Underfull \hbox (badness 10000) in paragraph at lines 1040--1044

 []


Underfull \hbox (badness 3271) in paragraph at lines 1048--1049
[]|\T1/cmr/m/n/10 Kopierkonstruktor, wird au-to-ma-tisch auf-ge-ru-fen,
 []


Overfull \hbox (1.0175pt too wide) in paragraph at lines 1045--1050
[]
 []


Underfull \hbox (badness 10000) in paragraph at lines 1045--1050

 []


Overfull \hbox (1.0175pt too wide) in paragraph at lines 1051--1054
[]
 []


Underfull \hbox (badness 10000) in paragraph at lines 1051--1054

 []


Overfull \hbox (1.0175pt too wide) in paragraph at lines 1055--1058
[]
 []


Underfull \hbox (badness 10000) in paragraph at lines 1055--1058

 []


Overfull \hbox (1.0175pt too wide) in paragraph at lines 1059--1065
[]
 []


Underfull \hbox (badness 10000) in paragraph at lines 1059--1065

 []

[32]
Overfull \hbox (1.0175pt too wide) in paragraph at lines 1070--1074
[]
 []


Underfull \hbox (badness 10000) in paragraph at lines 1070--1074

 []


Underfull \hbox (badness 10000) in paragraph at lines 1083--1086
[]|[][][][][][][][][][][][][][][][]
 []


Underfull \hbox (badness 10000) in paragraph at lines 1083--1086
[][][][][][][][][][][][][][][]
 []


Underfull \hbox (badness 10000) in paragraph at lines 1083--1086
[][][][][][][][][][][][][][][]
 []


Underfull \hbox (badness 10000) in paragraph at lines 1093--1096
[]|[][][][][][][][][][][][][][][][][][][][][][][][]
 []


Underfull \hbox (badness 10000) in paragraph at lines 1093--1096
[][][][][][][][][][][][][][][][][][][][][][][]
 []


Underfull \hbox (badness 10000) in paragraph at lines 1093--1096
[][][][][][][][][][][][][][][][][][][][][][][]
 []


Overfull \hbox (1.0175pt too wide) in paragraph at lines 1078--1099
[]
 []


Underfull \hbox (badness 10000) in paragraph at lines 1078--1099

 []


Underfull \hbox (badness 10000) in paragraph at lines 1106--1109
[]|[][][][][][][][][][]
 []


Underfull \hbox (badness 10000) in paragraph at lines 1106--1109
[][][][][][][][][]
 []


Underfull \hbox (badness 10000) in paragraph at lines 1106--1109
[][][][][][][][][]
 []


Overfull \hbox (1.0175pt too wide) in paragraph at lines 1103--1112
[]
 []


Underfull \hbox (badness 10000) in paragraph at lines 1103--1112

 []


Underfull \vbox (badness 1515) has occurred while \output is active []

 [33]
Underfull \hbox (badness 10000) in paragraph at lines 1120--1123
[]|[][][][][][][][][][]
 []


Underfull \hbox (badness 10000) in paragraph at lines 1120--1123
[][][][][][][][][]
 []


Underfull \hbox (badness 10000) in paragraph at lines 1120--1123
[][][][][][][][][]
 []


Underfull \hbox (badness 10000) in paragraph at lines 1124--1127
[]|[][][][][][][][][][][][][][][][][][][][][][][][]
 []


Underfull \hbox (badness 10000) in paragraph at lines 1124--1127
[][][][][][][][][][][][][][][][][][][][][][][]
 []


Underfull \hbox (badness 10000) in paragraph at lines 1124--1127
[][][][][][][][][][][][][][][][][][][][][][][]
 []


Overfull \hbox (1.0175pt too wide) in paragraph at lines 1116--1133
[] 
 []


Underfull \hbox (badness 10000) in paragraph at lines 1116--1133

 []


Overfull \hbox (1.0175pt too wide) in paragraph at lines 1137--1148
[]
 []


Underfull \hbox (badness 10000) in paragraph at lines 1137--1148

 []


Underfull \vbox (badness 1102) has occurred while \output is active []

 [34]
Overfull \hbox (1.0175pt too wide) in paragraph at lines 1152--1159
[]
 []


Underfull \hbox (badness 10000) in paragraph at lines 1152--1159

 []


Overfull \hbox (1.0175pt too wide) in paragraph at lines 1163--1180
[]
 []


Underfull \hbox (badness 10000) in paragraph at lines 1163--1180

 []


Underfull \vbox (badness 10000) has occurred while \output is active []

 [35]
Underfull \hbox (badness 3271) in paragraph at lines 1197--1198
[]|\T1/cmr/m/n/10 Kopierkonstruktor, wird au-to-ma-tisch auf-ge-ru-fen,
 []


Overfull \hbox (1.0175pt too wide) in paragraph at lines 1190--1203
[]
 []


Underfull \hbox (badness 10000) in paragraph at lines 1190--1203

 []

[36]
Underfull \hbox (badness 10000) in paragraph at lines 1208--1208
[]|[][][][][][][][][][][][][][][][][][][][][][][]
 []


Underfull \hbox (badness 10000) in paragraph at lines 1216--1216
[]|[][][][][][][][][][][][][][][][][]
 []


Underfull \hbox (badness 10000) in paragraph at lines 1224--1224
[]|[][][][][][][][][][][][][][][][][]
 []


Overfull \hbox (1.0175pt too wide) in paragraph at lines 1207--1243
[]
 []


Underfull \hbox (badness 10000) in paragraph at lines 1207--1243

 []


Underfull \vbox (badness 10000) has occurred while \output is active []

 [37]
Overfull \hbox (1.0175pt too wide) in paragraph at lines 1248--1266
[]
 []


Underfull \hbox (badness 10000) in paragraph at lines 1248--1266

 []


Underfull \vbox (badness 10000) has occurred while \output is active []

 [38]
Overfull \hbox (1.0175pt too wide) in paragraph at lines 1275--1283
[]
 []


Underfull \hbox (badness 10000) in paragraph at lines 1275--1283

 []


Underfull \hbox (badness 10000) in paragraph at lines 1292--1295
[]|[][][][][][][][][][][][][][]
 []


Underfull \hbox (badness 10000) in paragraph at lines 1292--1295
[][][]
 []


Underfull \hbox (badness 10000) in paragraph at lines 1292--1295
[][][][][][][][][][][][][][][][][][][][][]
 []


Overfull \hbox (1.0175pt too wide) in paragraph at lines 1288--1297
[]
 []


Underfull \hbox (badness 10000) in paragraph at lines 1288--1297

 []

[39]
Overfull \hbox (1.0175pt too wide) in paragraph at lines 1301--1309
[]
 []


Underfull \hbox (badness 10000) in paragraph at lines 1301--1309

 []


Underfull \hbox (badness 10000) in paragraph at lines 1317--1321
[]|[][][][][][][][][][][][][][]
 []


Underfull \hbox (badness 10000) in paragraph at lines 1317--1321
[][][]
 []


Underfull \hbox (badness 10000) in paragraph at lines 1317--1321
[][][][][][][][][][][][][][][][][][][][][][][][][][][][][][][]
 []


Underfull \hbox (badness 10000) in paragraph at lines 1317--1321
[][][][][][][]
 []


Overfull \hbox (1.0175pt too wide) in paragraph at lines 1313--1323
[]
 []


Underfull \hbox (badness 10000) in paragraph at lines 1313--1323

 []


Overfull \hbox (1.0175pt too wide) in paragraph at lines 1328--1336
[]
 []


Underfull \hbox (badness 10000) in paragraph at lines 1328--1336

 []


Underfull \hbox (badness 10000) in paragraph at lines 1343--1347
[]|[][][][][][][][][][][][][][]
 []


Underfull \hbox (badness 10000) in paragraph at lines 1343--1347
[][][]
 []


Underfull \hbox (badness 10000) in paragraph at lines 1343--1347
[][][][][][][][][][][][][][][][][][][][][][][][][][][]
 []


Underfull \hbox (badness 10000) in paragraph at lines 1343--1347
[][][][][][][]
 []


Overfull \hbox (1.0175pt too wide) in paragraph at lines 1339--1349
[]
 []


Underfull \hbox (badness 10000) in paragraph at lines 1339--1349

 []

[40]
Overfull \hbox (1.0175pt too wide) in paragraph at lines 1352--1369
[]
 []


Underfull \hbox (badness 10000) in paragraph at lines 1352--1369

 []

[41]
Kapitel 7.
[42

] [43] [44] [45] [46] [47] [48] [49] [50] [51] [52] [53] [54] [55] [56]
[57] [58] [59] [60] [61] [62] [63] [64] [65] [66] [67] (ScriptOOPLatexV0_0.aux)
 )
Output written on ScriptOOPLatexV0_0.dvi (67 pages, 477720 bytes).
