This is e-TeX, Version 3.141592-2.2 (MiKTeX 2.4) (preloaded format=latex 2005.9.9)  18 OCT 2005 14:16
entering extended mode
**\makeatletter\def\HCode{\futurelet\HCode\HChar}\def\HChar{\ifx\HCode\def\HCod
e##1{\Link##1}\expandafter\HCode\else\expandafter\Link\fi}\def\Link#1.a.b.c.{\g
@addto@macro\@documentclasshook{\RequirePackage[#1,html]{tex4ht}}\let\HCode\doc
umentstyle\def\documentstyle{\let\documentstyle\HCode\expandafter\def\csname te
x4ht\endcsname{#1,html}\def\HCode####1{\documentstyle[tex4ht,}\@ifnextchar[{\HC
ode}{\documentstyle[tex4ht]}}}\makeatother\HCode .a.b.c.\input C:\HTA\oo-kurs\N
ewScript\Test\OOP_Skript\ScriptOOPLatexV0_1.tex

! Emergency stop.
<*> ...]}}}\makeatother\HCode .a.b.c.\input C:\HTA
                                                  \oo-kurs\NewScript\Test\OO...
End of file on the terminal!

 
Here is how much of TeX's memory you used:
 3 strings out of 95901
 16 string characters out of 1195330
 44793 words of memory out of 1048577
 3142 multiletter control sequences out of 60000
 3640 words of font info for 14 fonts, out of 1000000 for 2000
 14 hyphenation exceptions out of 4999
 4i,0n,3p,1b,8s stack positions out of 5000i,500n,10000p,200000b,32768s
No pages of output.
